<?xml version="1.0" encoding="UTF-8"?><testsuite errors="1" failures="0" name="Yo como usuario" skipped="0" tests="1" time="15.47" timestamp="2021-03-26 04:29:50"><testcase name="Realizar el registro de u usuario en la pagina utest"><error message="Step [ingrese los datos nombre {word} apellido {word} email {string} y la fecha de nacimiento {string}] is defined with 5 parameters at 'stepdefinition.RegistrarUsuarioStepDefinitions.diligenciarDatosUsario(java.lang.String,java.lang.String,java.lang.String,int,int)'.&#10;However, the gherkin step has 4 arguments:&#10; * Karelys&#10; * Vargas&#10; * &quot;karelysvargasm@gmail.com&quot;&#10; * &quot;Agosto 05 19900&quot;&#10;Step text: ingrese los datos nombre Karelys apellido Vargas email &quot;karelysvargasm@gmail.com&quot; y la fecha de nacimiento &quot;Agosto 05 19900&quot;" type="io.cucumber.core.exception.CucumberException">Step [ingrese los datos nombre {word} apellido {word} email {string} y la fecha de nacimiento {string}] is defined with 5 parameters at 'stepdefinition.RegistrarUsuarioStepDefinitions.diligenciarDatosUsario(java.lang.String,java.lang.String,java.lang.String,int,int)'.
However, the gherkin step has 4 arguments:
 * Karelys
 * Vargas
 * "karelysvargasm@gmail.com"
 * "Agosto 05 19900"
Step text: ingrese los datos nombre Karelys apellido Vargas email "karelysvargasm@gmail.com" y la fecha de nacimiento "Agosto 05 19900"</error><system-err>Step [ingrese los datos nombre {word} apellido {word} email {string} y la fecha de nacimiento {string}] is defined with 5 parameters at 'stepdefinition.RegistrarUsuarioStepDefinitions.diligenciarDatosUsario(java.lang.String,java.lang.String,java.lang.String,int,int)'.
However, the gherkin step has 4 arguments:
 * Karelys
 * Vargas
 * "karelysvargasm@gmail.com"
 * "Agosto 05 19900"
Step text: ingrese los datos nombre Karelys apellido Vargas email "karelysvargasm@gmail.com" y la fecha de nacimiento "Agosto 05 19900"&#13;
io.cucumber.core.runner.PickleStepDefinitionMatch.arityMismatch(PickleStepDefinitionMatch.java:134)&#13;
io.cucumber.core.runner.PickleStepDefinitionMatch.runStep(PickleStepDefinitionMatch.java:42)&#13;
io.cucumber.core.runner.TestStep.executeStep(TestStep.java:64)&#13;
io.cucumber.core.runner.TestStep.run(TestStep.java:49)&#13;
io.cucumber.core.runner.PickleStepTestStep.run(PickleStepTestStep.java:46)&#13;
io.cucumber.core.runner.TestCase.run(TestCase.java:51)&#13;
io.cucumber.core.runner.Runner.runPickle(Runner.java:66)&#13;
io.cucumber.junit.FeatureRunner.runChild(FeatureRunner.java:83)&#13;
io.cucumber.junit.FeatureRunner.runChild(FeatureRunner.java:24)&#13;
io.cucumber.junit.CucumberSerenityRunner.runChild(CucumberSerenityRunner.java:227)&#13;
io.cucumber.junit.CucumberSerenityRunner.runChild(CucumberSerenityRunner.java:54)&#13;
</system-err></testcase></testsuite>